2026-06-16 20:51:05 - POST /SIGRAT/backend/api/index.php/notifications/check_expiring
Cuerpo: 
2026-06-16 20:51:07 - GET /SIGRAT/backend/api/index.php/notifications/all
Cuerpo: 
2026-06-16 20:51:51 - POST /SIGRAT/backend/api/index.php/notifications/check_expiring
Cuerpo: 
2026-06-16 20:51:52 - GET /SIGRAT/backend/api/index.php/calendar/events
Cuerpo: 
2026-06-16 20:51:53 - GET /SIGRAT/backend/api/index.php/notifications/all
Cuerpo: 
2026-06-16 20:52:51 - POST /SIGRAT/backend/api/index.php/notifications/check_expiring
Cuerpo: 
2026-06-16 20:52:52 - GET /SIGRAT/backend/api/index.php/notifications/all
Cuerpo: 
2026-06-16 20:53:12 - POST /SIGRAT/backend/api/index.php/notifications/check_expiring
Cuerpo: 
2026-06-16 20:53:14 - GET /SIGRAT/backend/api/index.php/notifications/all
Cuerpo: 
2026-06-16 20:54:12 - POST /SIGRAT/backend/api/index.php/notifications/check_expiring
Cuerpo: 
2026-06-16 20:54:14 - GET /SIGRAT/backend/api/index.php/notifications/all
Cuerpo: 
2026-06-16 20:55:12 - POST /SIGRAT/backend/api/index.php/notifications/check_expiring
Cuerpo: 
2026-06-16 20:55:14 - GET /SIGRAT/backend/api/index.php/notifications/all
Cuerpo: 
2026-06-16 20:56:12 - POST /SIGRAT/backend/api/index.php/notifications/check_expiring
Cuerpo: 
2026-06-16 20:56:15 - GET /SIGRAT/backend/api/index.php/notifications/all
Cuerpo: 
2026-06-16 20:56:16 - POST /SIGRAT/backend/api/index.php/notifications/check_expiring
Cuerpo: 
2026-06-16 20:56:17 - GET /SIGRAT/backend/api/index.php/notifications/all
Cuerpo: 
2026-06-16 20:56:39 - POST /SIGRAT/backend/api/index.php/notifications/check_expiring
Cuerpo: 
2026-06-16 20:56:40 - GET /SIGRAT/backend/api/index.php/calendar/events
Cuerpo: 
2026-06-16 20:56:41 - GET /SIGRAT/backend/api/index.php/notifications/all
Cuerpo: 
2026-06-16 20:57:39 - POST /SIGRAT/backend/api/index.php/notifications/check_expiring
Cuerpo: 
2026-06-16 20:57:40 - GET /SIGRAT/backend/api/index.php/notifications/all
Cuerpo: 
2026-06-16 20:58:39 - POST /SIGRAT/backend/api/index.php/notifications/check_expiring
Cuerpo: 
2026-06-16 20:58:40 - GET /SIGRAT/backend/api/index.php/notifications/all
Cuerpo: 
2026-06-16 20:59:39 - POST /SIGRAT/backend/api/index.php/notifications/check_expiring
Cuerpo: 
2026-06-16 20:59:40 - GET /SIGRAT/backend/api/index.php/notifications/all
Cuerpo: 
2026-06-16 21:00:39 - POST /SIGRAT/backend/api/index.php/notifications/check_expiring
Cuerpo: 
2026-06-16 21:00:40 - GET /SIGRAT/backend/api/index.php/notifications/all
Cuerpo: 
2026-06-16 21:01:39 - POST /SIGRAT/backend/api/index.php/notifications/check_expiring
Cuerpo: 
2026-06-16 21:01:40 - GET /SIGRAT/backend/api/index.php/notifications/all
Cuerpo: 
2026-06-16 21:02:39 - POST /SIGRAT/backend/api/index.php/notifications/check_expiring
Cuerpo: 
2026-06-16 21:02:40 - GET /SIGRAT/backend/api/index.php/notifications/all
Cuerpo: 
2026-06-16 21:03:39 - POST /SIGRAT/backend/api/index.php/notifications/check_expiring
Cuerpo: 
2026-06-16 21:03:41 - GET /SIGRAT/backend/api/index.php/notifications/all
Cuerpo: 
2026-06-16 21:04:40 - POST /SIGRAT/backend/api/index.php/notifications/check_expiring
Cuerpo: 
2026-06-16 21:04:41 - GET /SIGRAT/backend/api/index.php/notifications/all
Cuerpo: 
2026-06-16 21:05:41 - POST /SIGRAT/backend/api/index.php/notifications/check_expiring
Cuerpo: 
2026-06-16 21:05:43 - GET /SIGRAT/backend/api/index.php/notifications/all
Cuerpo: 
2026-06-16 21:06:42 - POST /SIGRAT/backend/api/index.php/notifications/check_expiring
Cuerpo: 
2026-06-16 21:06:44 - GET /SIGRAT/backend/api/index.php/notifications/all
Cuerpo: 
2026-06-16 21:07:43 - POST /SIGRAT/backend/api/index.php/notifications/check_expiring
Cuerpo: 
2026-06-16 21:07:45 - GET /SIGRAT/backend/api/index.php/notifications/all
Cuerpo: 
2026-06-16 21:08:44 - POST /SIGRAT/backend/api/index.php/notifications/check_expiring
Cuerpo: 
2026-06-16 21:08:46 - GET /SIGRAT/backend/api/index.php/notifications/all
Cuerpo: 
2026-06-16 21:09:45 - POST /SIGRAT/backend/api/index.php/notifications/check_expiring
Cuerpo: 
2026-06-16 21:09:47 - GET /SIGRAT/backend/api/index.php/notifications/all
Cuerpo: 
2026-06-16 21:47:43 - POST /SIGRAT/backend/api/index.php/notifications/check_expiring
Cuerpo: 
2026-06-16 21:47:44 - GET /SIGRAT/backend/api/index.php/notifications/all
Cuerpo: 
2026-06-16 21:48:42 - POST /SIGRAT/backend/api/index.php/notifications/check_expiring
Cuerpo: 
2026-06-16 21:48:52 - GET /SIGRAT/backend/api/index.php/notifications/all
Cuerpo: 
2026-06-16 21:49:43 - POST /SIGRAT/backend/api/index.php/notifications/check_expiring
Cuerpo: 
2026-06-16 21:49:44 - GET /SIGRAT/backend/api/index.php/notifications/all
Cuerpo: 
2026-06-16 21:50:44 - POST /SIGRAT/backend/api/index.php/notifications/check_expiring
Cuerpo: 
2026-06-16 21:50:46 - GET /SIGRAT/backend/api/index.php/notifications/all
Cuerpo: 
2026-06-16 21:51:45 - POST /SIGRAT/backend/api/index.php/notifications/check_expiring
Cuerpo: 
2026-06-16 21:51:46 - GET /SIGRAT/backend/api/index.php/notifications/all
Cuerpo: 
2026-06-16 21:52:46 - POST /SIGRAT/backend/api/index.php/notifications/check_expiring
Cuerpo: 
2026-06-16 21:53:00 - GET /SIGRAT/backend/api/index.php/notifications/all
Cuerpo: 
2026-06-16 21:53:47 - POST /SIGRAT/backend/api/index.php/notifications/check_expiring
Cuerpo: 
2026-06-16 21:53:51 - GET /SIGRAT/backend/api/index.php/notifications/all
Cuerpo: 
2026-06-16 21:54:48 - POST /SIGRAT/backend/api/index.php/notifications/check_expiring
Cuerpo: 
2026-06-16 21:54:49 - GET /SIGRAT/backend/api/index.php/notifications/all
Cuerpo: 
2026-06-16 21:55:49 - POST /SIGRAT/backend/api/index.php/notifications/check_expiring
Cuerpo: 
2026-06-16 21:55:50 - GET /SIGRAT/backend/api/index.php/notifications/all
Cuerpo: 
2026-06-16 21:56:49 - POST /SIGRAT/backend/api/index.php/notifications/check_expiring
Cuerpo: 
2026-06-16 21:56:51 - GET /SIGRAT/backend/api/index.php/notifications/all
Cuerpo: 
2026-06-16 21:57:49 - POST /SIGRAT/backend/api/index.php/notifications/check_expiring
Cuerpo: 
2026-06-16 21:57:50 - GET /SIGRAT/backend/api/index.php/notifications/all
Cuerpo: 
2026-06-16 21:58:49 - POST /SIGRAT/backend/api/index.php/notifications/check_expiring
Cuerpo: 
2026-06-16 21:58:51 - GET /SIGRAT/backend/api/index.php/notifications/all
Cuerpo: 
2026-06-16 21:59:49 - POST /SIGRAT/backend/api/index.php/notifications/check_expiring
Cuerpo: 
2026-06-16 21:59:50 - GET /SIGRAT/backend/api/index.php/notifications/all
Cuerpo: 
2026-06-16 22:00:49 - POST /SIGRAT/backend/api/index.php/notifications/check_expiring
Cuerpo: 
2026-06-16 22:00:50 - GET /SIGRAT/backend/api/index.php/notifications/all
Cuerpo: 
2026-06-16 22:01:49 - POST /SIGRAT/backend/api/index.php/notifications/check_expiring
Cuerpo: 
2026-06-16 22:01:50 - GET /SIGRAT/backend/api/index.php/notifications/all
Cuerpo: 
2026-06-16 22:02:49 - POST /SIGRAT/backend/api/index.php/notifications/check_expiring
Cuerpo: 
2026-06-16 22:02:50 - GET /SIGRAT/backend/api/index.php/notifications/all
Cuerpo: 
2026-06-16 22:03:49 - POST /SIGRAT/backend/api/index.php/notifications/check_expiring
Cuerpo: 
2026-06-16 22:03:50 - GET /SIGRAT/backend/api/index.php/notifications/all
Cuerpo: 
2026-06-16 22:04:49 - POST /SIGRAT/backend/api/index.php/notifications/check_expiring
Cuerpo: 
2026-06-16 22:04:50 - GET /SIGRAT/backend/api/index.php/notifications/all
Cuerpo: 
2026-06-16 22:05:49 - POST /SIGRAT/backend/api/index.php/notifications/check_expiring
Cuerpo: 
2026-06-16 22:05:50 - GET /SIGRAT/backend/api/index.php/notifications/all
Cuerpo: 
2026-06-16 22:06:49 - POST /SIGRAT/backend/api/index.php/notifications/check_expiring
Cuerpo: 
2026-06-16 22:06:50 - GET /SIGRAT/backend/api/index.php/notifications/all
Cuerpo: 
2026-06-16 22:07:49 - POST /SIGRAT/backend/api/index.php/notifications/check_expiring
Cuerpo: 
2026-06-16 22:07:50 - GET /SIGRAT/backend/api/index.php/notifications/all
Cuerpo: 
2026-06-16 22:08:49 - POST /SIGRAT/backend/api/index.php/notifications/check_expiring
Cuerpo: 
2026-06-16 22:08:50 - GET /SIGRAT/backend/api/index.php/notifications/all
Cuerpo: 
2026-06-16 22:09:49 - POST /SIGRAT/backend/api/index.php/notifications/check_expiring
Cuerpo: 
2026-06-16 22:09:50 - GET /SIGRAT/backend/api/index.php/notifications/all
Cuerpo: 
2026-06-16 22:10:49 - POST /SIGRAT/backend/api/index.php/notifications/check_expiring
Cuerpo: 
2026-06-16 22:10:50 - GET /SIGRAT/backend/api/index.php/notifications/all
Cuerpo: 
2026-06-16 22:11:49 - POST /SIGRAT/backend/api/index.php/notifications/check_expiring
Cuerpo: 
2026-06-16 22:11:50 - GET /SIGRAT/backend/api/index.php/notifications/all
Cuerpo: 
2026-06-16 22:12:49 - POST /SIGRAT/backend/api/index.php/notifications/check_expiring
Cuerpo: 
2026-06-16 22:12:50 - GET /SIGRAT/backend/api/index.php/notifications/all
Cuerpo: 
2026-06-16 22:13:49 - POST /SIGRAT/backend/api/index.php/notifications/check_expiring
Cuerpo: 
2026-06-16 22:13:50 - GET /SIGRAT/backend/api/index.php/notifications/all
Cuerpo: 
2026-06-16 22:14:49 - POST /SIGRAT/backend/api/index.php/notifications/check_expiring
Cuerpo: 
2026-06-16 22:14:51 - GET /SIGRAT/backend/api/index.php/notifications/all
Cuerpo: 
2026-06-16 22:15:49 - POST /SIGRAT/backend/api/index.php/notifications/check_expiring
Cuerpo: 
2026-06-16 22:15:50 - GET /SIGRAT/backend/api/index.php/notifications/all
Cuerpo: 
2026-06-16 22:16:49 - POST /SIGRAT/backend/api/index.php/notifications/check_expiring
Cuerpo: 
2026-06-16 22:16:50 - GET /SIGRAT/backend/api/index.php/notifications/all
Cuerpo: 
2026-06-16 22:17:49 - POST /SIGRAT/backend/api/index.php/notifications/check_expiring
Cuerpo: 
2026-06-16 22:17:51 - GET /SIGRAT/backend/api/index.php/notifications/all
Cuerpo: 
2026-06-16 22:18:49 - POST /SIGRAT/backend/api/index.php/notifications/check_expiring
Cuerpo: 
2026-06-16 22:18:50 - GET /SIGRAT/backend/api/index.php/notifications/all
Cuerpo: 
2026-06-16 22:19:41 - POST /SIGRAT/backend/api/index.php/notifications/check_expiring
Cuerpo: 
2026-06-16 22:19:42 - GET /SIGRAT/backend/api/index.php/notifications/all
Cuerpo: 
2026-06-16 22:20:39 - POST /SIGRAT/backend/api/index.php/notifications/check_expiring
Cuerpo: 
2026-06-16 22:20:40 - GET /SIGRAT/backend/api/index.php/notifications/all
Cuerpo: 
2026-06-16 22:21:39 - POST /SIGRAT/backend/api/index.php/notifications/check_expiring
Cuerpo: 
2026-06-16 22:21:40 - GET /SIGRAT/backend/api/index.php/notifications/all
Cuerpo: 
2026-06-16 22:22:39 - POST /SIGRAT/backend/api/index.php/notifications/check_expiring
Cuerpo: 
2026-06-16 22:22:40 - GET /SIGRAT/backend/api/index.php/notifications/all
Cuerpo: 
2026-06-16 22:23:40 - POST /SIGRAT/backend/api/index.php/notifications/check_expiring
Cuerpo: 
2026-06-16 22:23:41 - GET /SIGRAT/backend/api/index.php/notifications/all
Cuerpo: 
2026-06-16 22:24:41 - POST /SIGRAT/backend/api/index.php/notifications/check_expiring
Cuerpo: 
2026-06-16 22:24:42 - GET /SIGRAT/backend/api/index.php/notifications/all
Cuerpo: 
2026-06-16 22:25:42 - POST /SIGRAT/backend/api/index.php/notifications/check_expiring
Cuerpo: 
2026-06-16 22:25:43 - GET /SIGRAT/backend/api/index.php/notifications/all
Cuerpo: 
2026-06-16 22:26:43 - POST /SIGRAT/backend/api/index.php/notifications/check_expiring
Cuerpo: 
2026-06-16 22:26:44 - GET /SIGRAT/backend/api/index.php/notifications/all
Cuerpo: 
2026-06-16 22:27:44 - POST /SIGRAT/backend/api/index.php/notifications/check_expiring
Cuerpo: 
2026-06-16 22:27:46 - GET /SIGRAT/backend/api/index.php/notifications/all
Cuerpo: 
2026-06-16 22:28:45 - POST /SIGRAT/backend/api/index.php/notifications/check_expiring
Cuerpo: 
2026-06-16 22:28:46 - GET /SIGRAT/backend/api/index.php/notifications/all
Cuerpo: 
2026-06-16 22:29:46 - POST /SIGRAT/backend/api/index.php/notifications/check_expiring
Cuerpo: 
2026-06-16 22:29:47 - GET /SIGRAT/backend/api/index.php/notifications/all
Cuerpo: 
2026-06-16 22:30:47 - POST /SIGRAT/backend/api/index.php/notifications/check_expiring
Cuerpo: 
2026-06-16 22:30:48 - GET /SIGRAT/backend/api/index.php/notifications/all
Cuerpo: 
2026-06-16 22:31:48 - POST /SIGRAT/backend/api/index.php/notifications/check_expiring
Cuerpo: 
2026-06-16 22:31:49 - GET /SIGRAT/backend/api/index.php/notifications/all
Cuerpo: 
2026-06-16 23:10:06 - POST /SIGRAT/backend/api/index.php/notifications/check_expiring
Cuerpo: 
2026-06-16 23:10:06 - GET /SIGRAT/backend/api/index.php/notifications/all
Cuerpo: 
2026-06-16 23:10:52 - POST /SIGRAT/backend/api/index.php/notifications/check_expiring
Cuerpo: 
2026-06-16 23:10:52 - GET /SIGRAT/backend/api/index.php/notifications/all
Cuerpo: 
2026-06-16 23:11:49 - POST /SIGRAT/backend/api/index.php/notifications/check_expiring
Cuerpo: 
2026-06-16 23:11:56 - GET /SIGRAT/backend/api/index.php/notifications/all
Cuerpo: 
2026-06-16 23:12:49 - POST /SIGRAT/backend/api/index.php/notifications/check_expiring
Cuerpo: 
2026-06-16 23:12:50 - GET /SIGRAT/backend/api/index.php/notifications/all
Cuerpo: 
2026-06-16 23:13:49 - POST /SIGRAT/backend/api/index.php/notifications/check_expiring
Cuerpo: 
2026-06-16 23:13:50 - GET /SIGRAT/backend/api/index.php/notifications/all
Cuerpo: 
2026-06-16 23:14:49 - POST /SIGRAT/backend/api/index.php/notifications/check_expiring
Cuerpo: 
2026-06-16 23:15:01 - GET /SIGRAT/backend/api/index.php/notifications/all
Cuerpo: 
2026-06-16 23:15:49 - POST /SIGRAT/backend/api/index.php/notifications/check_expiring
Cuerpo: 
2026-06-16 23:15:51 - GET /SIGRAT/backend/api/index.php/notifications/all
Cuerpo: 
2026-06-16 23:16:49 - POST /SIGRAT/backend/api/index.php/notifications/check_expiring
Cuerpo: 
2026-06-16 23:16:50 - GET /SIGRAT/backend/api/index.php/notifications/all
Cuerpo: 
2026-06-16 23:17:49 - POST /SIGRAT/backend/api/index.php/notifications/check_expiring
Cuerpo: 
2026-06-16 23:17:51 - GET /SIGRAT/backend/api/index.php/notifications/all
Cuerpo: 
2026-06-16 23:18:49 - POST /SIGRAT/backend/api/index.php/notifications/check_expiring
Cuerpo: 
2026-06-16 23:18:50 - GET /SIGRAT/backend/api/index.php/notifications/all
Cuerpo: 
2026-06-16 23:19:49 - POST /SIGRAT/backend/api/index.php/notifications/check_expiring
Cuerpo: 
2026-06-16 23:19:50 - GET /SIGRAT/backend/api/index.php/notifications/all
Cuerpo: 
2026-06-16 23:21:30 - POST /SIGRAT/backend/api/index.php/notifications/check_expiring
Cuerpo: 
2026-06-16 23:21:31 - GET /SIGRAT/backend/api/index.php/notifications/all
Cuerpo: 
2026-06-16 23:21:49 - POST /SIGRAT/backend/api/index.php/notifications/check_expiring
Cuerpo: 
2026-06-16 23:21:50 - GET /SIGRAT/backend/api/index.php/notifications/all
Cuerpo: 
2026-06-16 23:22:18 - POST /SIGRAT/backend/api/index.php/notifications/check_expiring
Cuerpo: 
2026-06-16 23:22:18 - GET /SIGRAT/backend/api/index.php/calendar/events
Cuerpo: 
2026-06-16 23:22:18 - GET /SIGRAT/backend/api/index.php/notifications/all
Cuerpo: 
2026-06-16 23:23:18 - POST /SIGRAT/backend/api/index.php/notifications/check_expiring
Cuerpo: 
2026-06-16 23:23:20 - GET /SIGRAT/backend/api/index.php/notifications/all
Cuerpo: 
2026-06-16 23:24:18 - POST /SIGRAT/backend/api/index.php/notifications/check_expiring
Cuerpo: 
2026-06-16 23:24:19 - GET /SIGRAT/backend/api/index.php/notifications/all
Cuerpo: 
2026-06-16 23:25:18 - POST /SIGRAT/backend/api/index.php/notifications/check_expiring
Cuerpo: 
2026-06-16 23:25:20 - GET /SIGRAT/backend/api/index.php/notifications/all
Cuerpo: 
2026-06-16 23:26:18 - POST /SIGRAT/backend/api/index.php/notifications/check_expiring
Cuerpo: 
2026-06-16 23:26:20 - GET /SIGRAT/backend/api/index.php/notifications/all
Cuerpo: 
2026-06-16 23:27:18 - POST /SIGRAT/backend/api/index.php/notifications/check_expiring
Cuerpo: 
2026-06-16 23:27:20 - GET /SIGRAT/backend/api/index.php/notifications/all
Cuerpo: 
2026-06-16 23:28:09 - POST /SIGRAT/backend/api/index.php/notifications/check_expiring
Cuerpo: 
2026-06-16 23:28:10 - GET /SIGRAT/backend/api/index.php/calendar/events
Cuerpo: 
2026-06-16 23:28:12 - GET /SIGRAT/backend/api/index.php/notifications/all
Cuerpo: 
2026-06-16 23:29:09 - POST /SIGRAT/backend/api/index.php/notifications/check_expiring
Cuerpo: 
2026-06-16 23:29:11 - GET /SIGRAT/backend/api/index.php/notifications/all
Cuerpo: 
2026-06-16 23:30:09 - POST /SIGRAT/backend/api/index.php/notifications/check_expiring
Cuerpo: 
2026-06-16 23:30:11 - GET /SIGRAT/backend/api/index.php/notifications/all
Cuerpo: 
2026-06-16 23:31:09 - POST /SIGRAT/backend/api/index.php/notifications/check_expiring
Cuerpo: 
2026-06-16 23:31:11 - GET /SIGRAT/backend/api/index.php/notifications/all
Cuerpo: 
2026-06-16 23:32:09 - POST /SIGRAT/backend/api/index.php/notifications/check_expiring
Cuerpo: 
2026-06-16 23:32:11 - GET /SIGRAT/backend/api/index.php/notifications/all
Cuerpo: 
2026-06-16 23:33:09 - POST /SIGRAT/backend/api/index.php/notifications/check_expiring
Cuerpo: 
2026-06-16 23:33:11 - GET /SIGRAT/backend/api/index.php/notifications/all
Cuerpo: 
2026-06-16 23:34:09 - POST /SIGRAT/backend/api/index.php/notifications/check_expiring
Cuerpo: 
2026-06-16 23:34:11 - GET /SIGRAT/backend/api/index.php/notifications/all
Cuerpo: 
2026-06-16 23:35:09 - POST /SIGRAT/backend/api/index.php/notifications/check_expiring
Cuerpo: 
2026-06-16 23:35:11 - GET /SIGRAT/backend/api/index.php/notifications/all
Cuerpo: 
2026-06-16 23:36:09 - POST /SIGRAT/backend/api/index.php/notifications/check_expiring
Cuerpo: 
2026-06-16 23:36:11 - GET /SIGRAT/backend/api/index.php/notifications/all
Cuerpo: 
2026-06-16 23:37:09 - POST /SIGRAT/backend/api/index.php/notifications/check_expiring
Cuerpo: 
2026-06-16 23:37:11 - GET /SIGRAT/backend/api/index.php/notifications/all
Cuerpo: 
2026-06-16 23:37:33 - POST /SIGRAT/backend/api/index.php/notifications/check_expiring
Cuerpo: 
2026-06-16 23:37:34 - GET /SIGRAT/backend/api/index.php/notifications/all
Cuerpo: 
2026-06-16 23:37:47 - POST /SIGRAT/backend/api/index.php/notifications/check_expiring
Cuerpo: 
2026-06-16 23:37:49 - GET /SIGRAT/backend/api/index.php/notifications/all
Cuerpo: 
2026-06-16 23:38:47 - POST /SIGRAT/backend/api/index.php/notifications/check_expiring
Cuerpo: 
2026-06-16 23:38:49 - GET /SIGRAT/backend/api/index.php/notifications/all
Cuerpo: 
2026-06-16 23:38:59 - POST /SIGRAT/backend/api/index.php/notifications/check_expiring
Cuerpo: 
2026-06-16 23:39:01 - GET /SIGRAT/backend/api/index.php/notifications/all
Cuerpo: 
2026-06-16 23:39:59 - POST /SIGRAT/backend/api/index.php/notifications/check_expiring
Cuerpo: 
2026-06-16 23:40:01 - GET /SIGRAT/backend/api/index.php/notifications/all
Cuerpo: 
2026-06-16 23:40:59 - POST /SIGRAT/backend/api/index.php/notifications/check_expiring
Cuerpo: 
2026-06-16 23:41:01 - GET /SIGRAT/backend/api/index.php/notifications/all
Cuerpo: 
2026-06-16 23:41:59 - POST /SIGRAT/backend/api/index.php/notifications/check_expiring
Cuerpo: 
2026-06-16 23:42:01 - GET /SIGRAT/backend/api/index.php/notifications/all
Cuerpo: 
2026-06-16 23:42:59 - POST /SIGRAT/backend/api/index.php/notifications/check_expiring
Cuerpo: 
2026-06-16 23:43:02 - GET /SIGRAT/backend/api/index.php/notifications/all
Cuerpo: 
2026-06-16 23:43:59 - POST /SIGRAT/backend/api/index.php/notifications/check_expiring
Cuerpo: 
2026-06-16 23:44:01 - GET /SIGRAT/backend/api/index.php/notifications/all
Cuerpo: 
2026-06-17 17:22:56 - POST /SIGRAT/backend/api/index.php/notifications/check_expiring
Cuerpo: 
2026-06-17 17:22:58 - GET /SIGRAT/backend/api/index.php/notifications/all
Cuerpo: 
2026-06-17 17:23:56 - POST /SIGRAT/backend/api/index.php/notifications/check_expiring
Cuerpo: 
2026-06-17 17:23:57 - GET /SIGRAT/backend/api/index.php/notifications/all
Cuerpo: 
2026-06-17 17:24:05 - POST /SIGRAT/backend/api/index.php/notifications/check_expiring
Cuerpo: 
2026-06-17 17:24:05 - GET /SIGRAT/backend/api/index.php/calendar/events
Cuerpo: 
2026-06-17 17:24:06 - GET /SIGRAT/backend/api/index.php/notifications/all
Cuerpo: 
2026-06-17 17:25:05 - POST /SIGRAT/backend/api/index.php/notifications/check_expiring
Cuerpo: 
2026-06-17 17:25:06 - GET /SIGRAT/backend/api/index.php/notifications/all
Cuerpo: 
2026-06-17 17:26:05 - POST /SIGRAT/backend/api/index.php/notifications/check_expiring
Cuerpo: 
2026-06-17 17:26:06 - GET /SIGRAT/backend/api/index.php/notifications/all
Cuerpo: 
2026-06-17 17:27:05 - POST /SIGRAT/backend/api/index.php/notifications/check_expiring
Cuerpo: 
2026-06-17 17:27:06 - GET /SIGRAT/backend/api/index.php/notifications/all
Cuerpo: 
2026-06-17 17:28:05 - POST /SIGRAT/backend/api/index.php/notifications/check_expiring
Cuerpo: 
2026-06-17 17:28:06 - GET /SIGRAT/backend/api/index.php/notifications/all
Cuerpo: 
2026-06-17 17:29:05 - POST /SIGRAT/backend/api/index.php/notifications/check_expiring
Cuerpo: 
2026-06-17 17:29:06 - GET /SIGRAT/backend/api/index.php/notifications/all
Cuerpo: 
2026-06-17 17:30:05 - POST /SIGRAT/backend/api/index.php/notifications/check_expiring
Cuerpo: 
2026-06-17 17:30:06 - GET /SIGRAT/backend/api/index.php/notifications/all
Cuerpo: 
2026-06-17 17:31:05 - POST /SIGRAT/backend/api/index.php/notifications/check_expiring
Cuerpo: 
2026-06-17 17:31:06 - GET /SIGRAT/backend/api/index.php/notifications/all
Cuerpo: 
2026-06-17 17:32:06 - POST /SIGRAT/backend/api/index.php/notifications/check_expiring
Cuerpo: 
2026-06-17 17:32:07 - GET /SIGRAT/backend/api/index.php/notifications/all
Cuerpo: 
2026-06-17 17:33:07 - POST /SIGRAT/backend/api/index.php/notifications/check_expiring
Cuerpo: 
2026-06-17 17:33:08 - GET /SIGRAT/backend/api/index.php/notifications/all
Cuerpo: 
2026-06-17 17:34:05 - POST /SIGRAT/backend/api/index.php/notifications/check_expiring
Cuerpo: 
2026-06-17 17:34:06 - GET /SIGRAT/backend/api/index.php/notifications/all
Cuerpo: 
2026-06-17 17:35:06 - POST /SIGRAT/backend/api/index.php/notifications/check_expiring
Cuerpo: 
2026-06-17 17:35:07 - GET /SIGRAT/backend/api/index.php/notifications/all
Cuerpo: 
2026-06-17 17:36:07 - POST /SIGRAT/backend/api/index.php/notifications/check_expiring
Cuerpo: 
2026-06-17 17:36:08 - GET /SIGRAT/backend/api/index.php/notifications/all
Cuerpo: 
2026-06-17 17:37:08 - POST /SIGRAT/backend/api/index.php/notifications/check_expiring
Cuerpo: 
2026-06-17 17:37:09 - GET /SIGRAT/backend/api/index.php/notifications/all
Cuerpo: 
2026-06-17 17:38:09 - POST /SIGRAT/backend/api/index.php/notifications/check_expiring
Cuerpo: 
2026-06-17 17:38:10 - GET /SIGRAT/backend/api/index.php/notifications/all
Cuerpo: 
2026-06-17 17:39:10 - POST /SIGRAT/backend/api/index.php/notifications/check_expiring
Cuerpo: 
2026-06-17 17:39:11 - GET /SIGRAT/backend/api/index.php/notifications/all
Cuerpo: 
2026-06-17 17:40:11 - POST /SIGRAT/backend/api/index.php/notifications/check_expiring
Cuerpo: 
2026-06-17 17:40:12 - GET /SIGRAT/backend/api/index.php/notifications/all
Cuerpo: 
2026-06-17 17:41:12 - POST /SIGRAT/backend/api/index.php/notifications/check_expiring
Cuerpo: 
2026-06-17 17:41:13 - GET /SIGRAT/backend/api/index.php/notifications/all
Cuerpo: 
2026-06-17 17:42:13 - POST /SIGRAT/backend/api/index.php/notifications/check_expiring
Cuerpo: 
2026-06-17 17:42:14 - GET /SIGRAT/backend/api/index.php/notifications/all
Cuerpo: 
2026-06-17 17:43:05 - POST /SIGRAT/backend/api/index.php/notifications/check_expiring
Cuerpo: 
2026-06-17 17:43:06 - GET /SIGRAT/backend/api/index.php/notifications/all
Cuerpo: 
2026-06-17 17:44:05 - POST /SIGRAT/backend/api/index.php/notifications/check_expiring
Cuerpo: 
2026-06-17 17:44:06 - GET /SIGRAT/backend/api/index.php/notifications/all
Cuerpo: 
2026-06-17 17:45:05 - POST /SIGRAT/backend/api/index.php/notifications/check_expiring
Cuerpo: 
2026-06-17 17:45:06 - GET /SIGRAT/backend/api/index.php/notifications/all
Cuerpo: 
2026-06-17 17:46:05 - POST /SIGRAT/backend/api/index.php/notifications/check_expiring
Cuerpo: 
2026-06-17 17:46:06 - GET /SIGRAT/backend/api/index.php/notifications/all
Cuerpo: 
2026-06-17 17:47:05 - POST /SIGRAT/backend/api/index.php/notifications/check_expiring
Cuerpo: 
2026-06-17 17:47:06 - GET /SIGRAT/backend/api/index.php/notifications/all
Cuerpo: 
2026-06-17 17:48:05 - POST /SIGRAT/backend/api/index.php/notifications/check_expiring
Cuerpo: 
2026-06-17 17:48:06 - GET /SIGRAT/backend/api/index.php/notifications/all
Cuerpo: 
2026-06-17 17:48:14 - POST /SIGRAT/backend/api/index.php/reservations
Cuerpo: {"esp_id":24,"hora_ent":"15:00:00","hora_sal":"19:00:00","num_alumnos":10,"vis_id":null,"fechas_uso":["2026-06-17","2026-06-18","2026-06-19","2026-06-22","2026-06-23","2026-06-24"]}
2026-06-17 17:48:28 - POST /SIGRAT/backend/api/index.php/reservations
Cuerpo: {"esp_id":24,"hora_ent":"15:00:00","hora_sal":"19:00:00","num_alumnos":10,"vis_id":null,"fechas_uso":["2026-06-17","2026-06-18","2026-06-19","2026-06-24"]}
2026-06-17 17:48:33 - POST /SIGRAT/backend/api/index.php/reservations
Cuerpo: {"esp_id":24,"hora_ent":"15:00:00","hora_sal":"19:00:00","num_alumnos":10,"vis_id":null,"fechas_uso":["2026-06-18","2026-06-19"]}
2026-06-17 17:48:41 - POST /SIGRAT/backend/api/index.php/reservations
Cuerpo: {"esp_id":24,"hora_ent":"08:00:00","hora_sal":"12:00:00","num_alumnos":10,"vis_id":null,"fechas_uso":["2026-06-17","2026-06-18","2026-06-19","2026-06-24"]}
2026-06-17 17:48:58 - POST /SIGRAT/backend/api/index.php/reservations
Cuerpo: {"esp_id":24,"hora_ent":"08:00:00","hora_sal":"12:00:00","num_alumnos":10,"vis_id":null,"fecha_uso":"2026-06-17"}
2026-06-17 17:49:05 - POST /SIGRAT/backend/api/index.php/notifications/check_expiring
Cuerpo: 
2026-06-17 17:49:06 - GET /SIGRAT/backend/api/index.php/notifications/all
Cuerpo: 
2026-06-17 17:49:10 - POST /SIGRAT/backend/api/index.php/reservations
Cuerpo: {"esp_id":24,"hora_ent":"08:00:00","hora_sal":"10:00:00","num_alumnos":10,"vis_id":null,"fecha_uso":"2026-06-17"}
2026-06-17 17:49:20 - POST /SIGRAT/backend/api/index.php/notifications/check_expiring
Cuerpo: 
2026-06-17 17:49:21 - GET /SIGRAT/backend/api/index.php/calendar/events
Cuerpo: 
2026-06-17 17:49:23 - GET /SIGRAT/backend/api/index.php/notifications/all
Cuerpo: 
2026-06-17 17:50:20 - POST /SIGRAT/backend/api/index.php/notifications/check_expiring
Cuerpo: 
2026-06-17 17:50:21 - GET /SIGRAT/backend/api/index.php/notifications/all
Cuerpo: 
2026-06-17 17:51:20 - POST /SIGRAT/backend/api/index.php/notifications/check_expiring
Cuerpo: 
2026-06-17 17:51:21 - GET /SIGRAT/backend/api/index.php/notifications/all
Cuerpo: 
2026-06-17 17:52:20 - POST /SIGRAT/backend/api/index.php/notifications/check_expiring
Cuerpo: 
2026-06-17 17:52:21 - GET /SIGRAT/backend/api/index.php/notifications/all
Cuerpo: 
2026-06-17 17:53:20 - POST /SIGRAT/backend/api/index.php/notifications/check_expiring
Cuerpo: 
2026-06-17 17:53:21 - GET /SIGRAT/backend/api/index.php/notifications/all
Cuerpo: 
2026-06-17 17:54:20 - POST /SIGRAT/backend/api/index.php/notifications/check_expiring
Cuerpo: 
2026-06-17 17:54:21 - GET /SIGRAT/backend/api/index.php/notifications/all
Cuerpo: 
2026-06-17 17:55:20 - POST /SIGRAT/backend/api/index.php/notifications/check_expiring
Cuerpo: 
2026-06-17 17:55:21 - GET /SIGRAT/backend/api/index.php/notifications/all
Cuerpo: 
2026-06-17 17:56:20 - POST /SIGRAT/backend/api/index.php/notifications/check_expiring
Cuerpo: 
2026-06-17 17:56:21 - GET /SIGRAT/backend/api/index.php/notifications/all
Cuerpo: 
2026-06-17 17:57:07 - POST /SIGRAT/backend/api/index.php/notifications/check_expiring
Cuerpo: 
2026-06-17 17:57:08 - GET /SIGRAT/backend/api/index.php/calendar/events
Cuerpo: 
2026-06-17 17:57:09 - GET /SIGRAT/backend/api/index.php/notifications/all
Cuerpo: 
2026-06-17 19:06:05 - POST /SIGRAT/backend/api/index.php/notifications/check_expiring
Cuerpo: 
2026-06-17 19:06:06 - GET /SIGRAT/backend/api/index.php/calendar/events
Cuerpo: 
2026-06-17 19:06:07 - GET /SIGRAT/backend/api/index.php/notifications/all
Cuerpo: 
2026-06-17 19:07:06 - POST /SIGRAT/backend/api/index.php/notifications/check_expiring
Cuerpo: 
2026-06-17 19:07:06 - GET /SIGRAT/backend/api/index.php/notifications/all
Cuerpo: 
2026-06-17 19:08:06 - POST /SIGRAT/backend/api/index.php/notifications/check_expiring
Cuerpo: 
2026-06-17 19:08:06 - GET /SIGRAT/backend/api/index.php/notifications/all
Cuerpo: 
2026-06-17 19:09:06 - POST /SIGRAT/backend/api/index.php/notifications/check_expiring
Cuerpo: 
2026-06-17 19:09:06 - GET /SIGRAT/backend/api/index.php/notifications/all
Cuerpo: 
2026-06-17 19:10:06 - POST /SIGRAT/backend/api/index.php/notifications/check_expiring
Cuerpo: 
2026-06-17 19:10:06 - GET /SIGRAT/backend/api/index.php/notifications/all
Cuerpo: 
2026-06-17 19:11:06 - POST /SIGRAT/backend/api/index.php/notifications/check_expiring
Cuerpo: 
2026-06-17 19:11:06 - GET /SIGRAT/backend/api/index.php/notifications/all
Cuerpo: 
2026-06-17 19:12:06 - POST /SIGRAT/backend/api/index.php/notifications/check_expiring
Cuerpo: 
2026-06-17 19:12:06 - GET /SIGRAT/backend/api/index.php/notifications/all
Cuerpo: 
2026-06-17 19:13:06 - POST /SIGRAT/backend/api/index.php/notifications/check_expiring
Cuerpo: 
2026-06-17 19:13:06 - GET /SIGRAT/backend/api/index.php/notifications/all
Cuerpo: 
2026-06-17 19:14:07 - POST /SIGRAT/backend/api/index.php/notifications/check_expiring
Cuerpo: 
2026-06-17 19:14:08 - GET /SIGRAT/backend/api/index.php/notifications/all
Cuerpo: 
2026-06-17 19:15:08 - POST /SIGRAT/backend/api/index.php/notifications/check_expiring
Cuerpo: 
2026-06-17 19:15:08 - GET /SIGRAT/backend/api/index.php/notifications/all
Cuerpo: 
2026-06-17 19:16:09 - POST /SIGRAT/backend/api/index.php/notifications/check_expiring
Cuerpo: 
2026-06-17 19:16:09 - GET /SIGRAT/backend/api/index.php/notifications/all
Cuerpo: 
2026-06-17 19:17:10 - POST /SIGRAT/backend/api/index.php/notifications/check_expiring
Cuerpo: 
2026-06-17 19:17:10 - GET /SIGRAT/backend/api/index.php/notifications/all
Cuerpo: 
2026-06-17 19:18:11 - POST /SIGRAT/backend/api/index.php/notifications/check_expiring
Cuerpo: 
2026-06-17 19:18:11 - GET /SIGRAT/backend/api/index.php/notifications/all
Cuerpo: 
2026-06-17 20:46:26 - POST /SIGRAT/backend/api/index.php/notifications/check_expiring
Cuerpo: 
2026-06-17 20:46:26 - GET /SIGRAT/backend/api/index.php/notifications/all
Cuerpo: 
2026-06-17 20:47:27 - POST /SIGRAT/backend/api/index.php/notifications/check_expiring
Cuerpo: 
2026-06-17 20:47:27 - GET /SIGRAT/backend/api/index.php/notifications/all
Cuerpo: 
2026-06-17 20:48:25 - POST /SIGRAT/backend/api/index.php/notifications/check_expiring
Cuerpo: 
2026-06-17 20:48:26 - GET /SIGRAT/backend/api/index.php/notifications/all
Cuerpo: 
2026-06-17 20:49:26 - POST /SIGRAT/backend/api/index.php/notifications/check_expiring
Cuerpo: 
2026-06-17 20:49:28 - GET /SIGRAT/backend/api/index.php/notifications/all
Cuerpo: 
2026-06-17 20:50:27 - POST /SIGRAT/backend/api/index.php/notifications/check_expiring
Cuerpo: 
2026-06-17 20:50:28 - GET /SIGRAT/backend/api/index.php/notifications/all
Cuerpo: 
2026-06-17 20:51:28 - POST /SIGRAT/backend/api/index.php/notifications/check_expiring
Cuerpo: 
2026-06-17 20:51:38 - GET /SIGRAT/backend/api/index.php/notifications/all
Cuerpo: 
2026-06-17 20:52:29 - POST /SIGRAT/backend/api/index.php/notifications/check_expiring
Cuerpo: 
2026-06-17 20:52:30 - GET /SIGRAT/backend/api/index.php/notifications/all
Cuerpo: 
2026-06-17 20:53:12 - POST /SIGRAT/backend/api/index.php/notifications/check_expiring
Cuerpo: 
2026-06-17 20:53:13 - GET /SIGRAT/backend/api/index.php/notifications/all
Cuerpo: 
2026-06-17 20:54:10 - POST /SIGRAT/backend/api/index.php/notifications/check_expiring
Cuerpo: 
2026-06-17 20:55:15 - POST /SIGRAT/backend/api/index.php/notifications/check_expiring
Cuerpo: 
2026-06-17 20:56:19 - GET /SIGRAT/backend/api/index.php/notifications/all
Cuerpo: 
2026-06-17 20:57:23 - POST /SIGRAT/backend/api/index.php/notifications/check_expiring
Cuerpo: 
2026-06-17 20:58:27 - GET /SIGRAT/backend/api/index.php/notifications/all
Cuerpo: 
2026-06-17 20:59:30 - POST /SIGRAT/backend/api/index.php/notifications/check_expiring
Cuerpo: 
2026-06-17 21:00:33 - POST /SIGRAT/backend/api/index.php/notifications/check_expiring
Cuerpo: 
2026-06-17 21:01:37 - GET /SIGRAT/backend/api/index.php/notifications/all
Cuerpo: 
2026-06-17 21:02:40 - POST /SIGRAT/backend/api/index.php/notifications/check_expiring
Cuerpo: 
2026-06-17 21:03:44 - GET /SIGRAT/backend/api/index.php/notifications/all
Cuerpo: 
2026-06-17 21:04:47 - POST /SIGRAT/backend/api/index.php/notifications/check_expiring
Cuerpo: 
2026-06-17 21:05:51 - GET /SIGRAT/backend/api/index.php/notifications/all
Cuerpo: 
2026-06-17 21:06:54 - POST /SIGRAT/backend/api/index.php/notifications/check_expiring
Cuerpo: 
2026-06-17 21:07:57 - GET /SIGRAT/backend/api/index.php/notifications/all
Cuerpo: 
2026-06-17 21:09:01 - POST /SIGRAT/backend/api/index.php/notifications/check_expiring
Cuerpo: 
2026-06-17 21:10:04 - POST /SIGRAT/backend/api/index.php/notifications/check_expiring
Cuerpo: 
2026-06-17 21:11:07 - POST /SIGRAT/backend/api/index.php/notifications/check_expiring
Cuerpo: 
2026-06-17 21:12:11 - POST /SIGRAT/backend/api/index.php/notifications/check_expiring
Cuerpo: 
2026-06-17 21:13:14 - POST /SIGRAT/backend/api/index.php/notifications/check_expiring
Cuerpo: 
2026-06-17 21:14:18 - GET /SIGRAT/backend/api/index.php/notifications/all
Cuerpo: 
2026-06-17 21:15:22 - POST /SIGRAT/backend/api/index.php/notifications/check_expiring
Cuerpo: 
2026-06-17 21:16:26 - GET /SIGRAT/backend/api/index.php/notifications/all
Cuerpo: 
2026-06-17 21:17:29 - POST /SIGRAT/backend/api/index.php/notifications/check_expiring
Cuerpo: 
2026-06-17 21:18:33 - GET /SIGRAT/backend/api/index.php/notifications/all
Cuerpo: 
2026-06-17 21:19:37 - POST /SIGRAT/backend/api/index.php/notifications/check_expiring
Cuerpo: 
2026-06-17 21:20:41 - GET /SIGRAT/backend/api/index.php/notifications/all
Cuerpo: 
2026-06-17 21:21:46 - POST /SIGRAT/backend/api/index.php/notifications/check_expiring
Cuerpo: 
2026-06-17 21:22:49 - GET /SIGRAT/backend/api/index.php/notifications/all
Cuerpo: 
2026-06-17 21:23:52 - POST /SIGRAT/backend/api/index.php/notifications/check_expiring
Cuerpo: 
2026-06-17 21:24:56 - GET /SIGRAT/backend/api/index.php/notifications/all
Cuerpo: 
2026-06-17 21:25:59 - POST /SIGRAT/backend/api/index.php/notifications/check_expiring
Cuerpo: 
2026-06-17 21:27:02 - POST /SIGRAT/backend/api/index.php/notifications/check_expiring
Cuerpo: 
2026-06-17 21:28:06 - POST /SIGRAT/backend/api/index.php/notifications/check_expiring
Cuerpo: 
2026-06-17 21:29:09 - GET /SIGRAT/backend/api/index.php/notifications/all
Cuerpo: 
2026-06-17 21:30:12 - POST /SIGRAT/backend/api/index.php/notifications/check_expiring
Cuerpo: 
2026-06-17 21:31:16 - GET /SIGRAT/backend/api/index.php/notifications/all
Cuerpo: 
2026-06-17 21:32:19 - POST /SIGRAT/backend/api/index.php/notifications/check_expiring
Cuerpo: 
2026-06-17 21:33:22 - GET /SIGRAT/backend/api/index.php/notifications/all
Cuerpo: 
2026-06-17 21:34:26 - POST /SIGRAT/backend/api/index.php/notifications/check_expiring
Cuerpo: 
2026-06-17 21:35:29 - GET /SIGRAT/backend/api/index.php/notifications/all
Cuerpo: 
2026-06-17 21:36:32 - POST /SIGRAT/backend/api/index.php/notifications/check_expiring
Cuerpo: 
2026-06-17 21:37:35 - GET /SIGRAT/backend/api/index.php/notifications/all
Cuerpo: 
2026-06-17 21:38:39 - POST /SIGRAT/backend/api/index.php/notifications/check_expiring
Cuerpo: 
2026-06-17 21:39:42 - GET /SIGRAT/backend/api/index.php/notifications/all
Cuerpo: 
2026-06-17 21:40:45 - POST /SIGRAT/backend/api/index.php/notifications/check_expiring
Cuerpo: 
2026-06-17 21:41:49 - GET /SIGRAT/backend/api/index.php/notifications/all
Cuerpo: 
2026-06-17 21:42:52 - POST /SIGRAT/backend/api/index.php/notifications/check_expiring
Cuerpo: 
2026-06-17 21:43:55 - GET /SIGRAT/backend/api/index.php/notifications/all
Cuerpo: 
2026-06-17 21:44:58 - POST /SIGRAT/backend/api/index.php/notifications/check_expiring
Cuerpo: 
2026-06-17 21:46:02 - GET /SIGRAT/backend/api/index.php/notifications/all
Cuerpo: 
2026-06-17 21:47:05 - POST /SIGRAT/backend/api/index.php/notifications/check_expiring
Cuerpo: 
2026-06-17 21:48:09 - GET /SIGRAT/backend/api/index.php/notifications/all
Cuerpo: 
2026-06-17 21:49:12 - POST /SIGRAT/backend/api/index.php/notifications/check_expiring
Cuerpo: 
2026-06-17 21:50:15 - GET /SIGRAT/backend/api/index.php/notifications/all
Cuerpo: 
2026-06-17 21:51:21 - POST /SIGRAT/backend/api/index.php/notifications/check_expiring
Cuerpo: 
2026-06-17 21:52:30 - POST /SIGRAT/backend/api/index.php/notifications/check_expiring
Cuerpo: 
2026-06-17 21:53:34 - POST /SIGRAT/backend/api/index.php/notifications/check_expiring
Cuerpo: 
2026-06-17 21:54:37 - GET /SIGRAT/backend/api/index.php/notifications/all
Cuerpo: 
2026-06-17 21:55:41 - GET /SIGRAT/backend/api/index.php/notifications/all
Cuerpo: 
2026-06-17 21:56:44 - GET /SIGRAT/backend/api/index.php/notifications/all
Cuerpo: 
2026-06-17 21:57:48 - POST /SIGRAT/backend/api/index.php/notifications/check_expiring
Cuerpo: 
2026-06-17 21:58:51 - GET /SIGRAT/backend/api/index.php/notifications/all
Cuerpo: 
2026-06-17 21:59:55 - POST /SIGRAT/backend/api/index.php/notifications/check_expiring
Cuerpo: 
2026-06-17 22:00:58 - GET /SIGRAT/backend/api/index.php/notifications/all
Cuerpo: 
2026-06-17 22:02:02 - POST /SIGRAT/backend/api/index.php/notifications/check_expiring
Cuerpo: 
2026-06-17 22:03:05 - GET /SIGRAT/backend/api/index.php/notifications/all
Cuerpo: 
2026-06-17 22:04:08 - POST /SIGRAT/backend/api/index.php/notifications/check_expiring
Cuerpo: 
2026-06-17 22:05:12 - GET /SIGRAT/backend/api/index.php/notifications/all
Cuerpo: 
2026-06-17 22:06:15 - POST /SIGRAT/backend/api/index.php/notifications/check_expiring
Cuerpo: 
2026-06-17 22:07:18 - GET /SIGRAT/backend/api/index.php/notifications/all
Cuerpo: 
2026-06-17 22:08:22 - POST /SIGRAT/backend/api/index.php/notifications/check_expiring
Cuerpo: 
2026-06-17 22:09:25 - GET /SIGRAT/backend/api/index.php/notifications/all
Cuerpo: 
2026-06-17 22:09:25 - POST /SIGRAT/backend/api/index.php/notifications/check_expiring
Cuerpo: 
2026-06-17 22:09:25 - GET /SIGRAT/backend/api/index.php/notifications/all
Cuerpo: 
2026-06-17 22:09:25 - POST /SIGRAT/backend/api/index.php/notifications/check_expiring
Cuerpo: 
2026-06-17 22:25:34 - POST /SIGRAT/backend/api/index.php/notifications/check_expiring
Cuerpo: 
2026-06-17 22:25:34 - GET /SIGRAT/backend/api/index.php/notifications/all
Cuerpo: 
2026-06-17 22:26:30 - POST /SIGRAT/backend/api/index.php/notifications/check_expiring
Cuerpo: 
2026-06-17 22:26:35 - GET /SIGRAT/backend/api/index.php/notifications/all
Cuerpo: 
2026-06-17 22:27:31 - POST /SIGRAT/backend/api/index.php/notifications/check_expiring
Cuerpo: 
2026-06-17 22:27:32 - GET /SIGRAT/backend/api/index.php/notifications/all
Cuerpo: 
2026-06-17 22:28:32 - POST /SIGRAT/backend/api/index.php/notifications/check_expiring
Cuerpo: 
2026-06-17 22:28:33 - GET /SIGRAT/backend/api/index.php/notifications/all
Cuerpo: 
2026-06-17 22:29:33 - POST /SIGRAT/backend/api/index.php/notifications/check_expiring
Cuerpo: 
2026-06-17 22:29:34 - GET /SIGRAT/backend/api/index.php/notifications/all
Cuerpo: 
2026-06-17 22:30:34 - POST /SIGRAT/backend/api/index.php/notifications/check_expiring
Cuerpo: 
2026-06-17 22:30:35 - GET /SIGRAT/backend/api/index.php/notifications/all
Cuerpo: 
2026-06-17 22:31:35 - POST /SIGRAT/backend/api/index.php/notifications/check_expiring
Cuerpo: 
2026-06-17 22:31:36 - GET /SIGRAT/backend/api/index.php/notifications/all
Cuerpo: 
2026-06-17 22:32:36 - POST /SIGRAT/backend/api/index.php/notifications/check_expiring
Cuerpo: 
2026-06-17 22:32:37 - GET /SIGRAT/backend/api/index.php/notifications/all
Cuerpo: 
2026-06-17 22:33:37 - POST /SIGRAT/backend/api/index.php/notifications/check_expiring
Cuerpo: 
2026-06-17 22:33:38 - GET /SIGRAT/backend/api/index.php/notifications/all
Cuerpo: 
2026-06-17 22:34:38 - POST /SIGRAT/backend/api/index.php/notifications/check_expiring
Cuerpo: 
2026-06-17 22:34:39 - GET /SIGRAT/backend/api/index.php/notifications/all
Cuerpo: 
2026-06-17 22:35:39 - POST /SIGRAT/backend/api/index.php/notifications/check_expiring
Cuerpo: 
2026-06-17 22:35:40 - GET /SIGRAT/backend/api/index.php/notifications/all
Cuerpo: 
2026-06-17 22:36:40 - POST /SIGRAT/backend/api/index.php/notifications/check_expiring
Cuerpo: 
2026-06-17 22:36:41 - GET /SIGRAT/backend/api/index.php/notifications/all
Cuerpo: 
2026-06-17 22:37:41 - POST /SIGRAT/backend/api/index.php/notifications/check_expiring
Cuerpo: 
2026-06-17 22:37:42 - GET /SIGRAT/backend/api/index.php/notifications/all
Cuerpo: 
2026-06-17 22:38:42 - POST /SIGRAT/backend/api/index.php/notifications/check_expiring
Cuerpo: 
2026-06-17 22:38:43 - GET /SIGRAT/backend/api/index.php/notifications/all
Cuerpo: 
2026-06-17 22:39:43 - POST /SIGRAT/backend/api/index.php/notifications/check_expiring
Cuerpo: 
2026-06-17 22:39:44 - GET /SIGRAT/backend/api/index.php/notifications/all
Cuerpo: 
2026-06-17 22:40:44 - POST /SIGRAT/backend/api/index.php/notifications/check_expiring
Cuerpo: 
2026-06-17 22:40:45 - GET /SIGRAT/backend/api/index.php/notifications/all
Cuerpo: 
2026-06-17 22:41:45 - POST /SIGRAT/backend/api/index.php/notifications/check_expiring
Cuerpo: 
2026-06-17 22:41:46 - GET /SIGRAT/backend/api/index.php/notifications/all
Cuerpo: 
2026-06-17 22:42:46 - POST /SIGRAT/backend/api/index.php/notifications/check_expiring
Cuerpo: 
2026-06-17 22:42:47 - GET /SIGRAT/backend/api/index.php/notifications/all
Cuerpo: 
2026-06-17 22:43:46 - POST /SIGRAT/backend/api/index.php/notifications/check_expiring
Cuerpo: 
2026-06-17 22:43:47 - GET /SIGRAT/backend/api/index.php/notifications/all
Cuerpo: 
2026-06-17 22:44:46 - POST /SIGRAT/backend/api/index.php/notifications/check_expiring
Cuerpo: 
2026-06-17 22:44:47 - GET /SIGRAT/backend/api/index.php/notifications/all
Cuerpo: 
2026-06-17 22:45:46 - POST /SIGRAT/backend/api/index.php/notifications/check_expiring
Cuerpo: 
2026-06-17 22:45:47 - GET /SIGRAT/backend/api/index.php/notifications/all
Cuerpo: 
2026-06-17 22:46:46 - POST /SIGRAT/backend/api/index.php/notifications/check_expiring
Cuerpo: 
2026-06-17 22:46:47 - GET /SIGRAT/backend/api/index.php/notifications/all
Cuerpo: 
2026-06-17 22:47:46 - POST /SIGRAT/backend/api/index.php/notifications/check_expiring
Cuerpo: 
2026-06-17 22:47:47 - GET /SIGRAT/backend/api/index.php/notifications/all
Cuerpo: 
2026-06-17 22:48:46 - POST /SIGRAT/backend/api/index.php/notifications/check_expiring
Cuerpo: 
2026-06-17 22:48:47 - GET /SIGRAT/backend/api/index.php/notifications/all
Cuerpo: 
2026-06-17 22:49:46 - POST /SIGRAT/backend/api/index.php/notifications/check_expiring
Cuerpo: 
2026-06-17 22:49:47 - GET /SIGRAT/backend/api/index.php/notifications/all
Cuerpo: 
2026-06-17 22:50:46 - POST /SIGRAT/backend/api/index.php/notifications/check_expiring
Cuerpo: 
2026-06-17 22:50:47 - GET /SIGRAT/backend/api/index.php/notifications/all
Cuerpo: 
2026-06-17 22:51:46 - POST /SIGRAT/backend/api/index.php/notifications/check_expiring
Cuerpo: 
2026-06-17 22:51:47 - GET /SIGRAT/backend/api/index.php/notifications/all
Cuerpo: 
2026-06-17 22:52:46 - POST /SIGRAT/backend/api/index.php/notifications/check_expiring
Cuerpo: 
2026-06-17 22:52:47 - GET /SIGRAT/backend/api/index.php/notifications/all
Cuerpo: 
2026-06-17 22:53:46 - POST /SIGRAT/backend/api/index.php/notifications/check_expiring
Cuerpo: 
2026-06-17 22:53:47 - GET /SIGRAT/backend/api/index.php/notifications/all
Cuerpo: 
2026-06-17 22:54:46 - POST /SIGRAT/backend/api/index.php/notifications/check_expiring
Cuerpo: 
2026-06-17 22:54:47 - GET /SIGRAT/backend/api/index.php/notifications/all
Cuerpo: 
2026-06-17 22:55:46 - POST /SIGRAT/backend/api/index.php/notifications/check_expiring
Cuerpo: 
2026-06-17 22:55:47 - GET /SIGRAT/backend/api/index.php/notifications/all
Cuerpo: 
2026-06-17 22:56:46 - POST /SIGRAT/backend/api/index.php/notifications/check_expiring
Cuerpo: 
2026-06-17 22:56:47 - GET /SIGRAT/backend/api/index.php/notifications/all
Cuerpo: 
2026-06-17 22:57:39 - POST /SIGRAT/backend/api/index.php/notifications/check_expiring
Cuerpo: 
2026-06-17 22:57:40 - GET /SIGRAT/backend/api/index.php/notifications/all
Cuerpo: 
2026-06-17 22:58:04 - POST /SIGRAT/backend/api/index.php/notifications/check_expiring
Cuerpo: 
2026-06-17 22:58:05 - GET /SIGRAT/backend/api/index.php/notifications/all
Cuerpo: 
2026-06-17 22:58:09 - POST /SIGRAT/backend/api/index.php/notifications/check_expiring
Cuerpo: 
2026-06-17 22:58:10 - GET /SIGRAT/backend/api/index.php/notifications/all
Cuerpo: 
2026-06-17 22:58:13 - POST /SIGRAT/backend/api/index.php/notifications/check_expiring
Cuerpo: 
2026-06-17 22:58:13 - GET /SIGRAT/backend/api/index.php/notifications/all
Cuerpo: 
2026-06-17 22:58:19 - POST /SIGRAT/backend/api/index.php/notifications/check_expiring
Cuerpo: 
2026-06-17 22:58:20 - GET /SIGRAT/backend/api/index.php/notifications/all
Cuerpo: 
2026-06-17 22:58:23 - POST /SIGRAT/backend/api/index.php/hardware/recent-scans
Cuerpo: {}
2026-06-17 22:58:25 - POST /SIGRAT/backend/api/index.php/hardware/recent-scans
Cuerpo: {}
2026-06-17 22:58:27 - POST /SIGRAT/backend/api/index.php/hardware/recent-scans
Cuerpo: {}
2026-06-17 22:58:29 - POST /SIGRAT/backend/api/index.php/hardware/recent-scans
Cuerpo: {}
2026-06-17 22:58:31 - POST /SIGRAT/backend/api/index.php/hardware/recent-scans
Cuerpo: {}
2026-06-17 22:58:33 - POST /SIGRAT/backend/api/index.php/hardware/recent-scans
Cuerpo: {}
2026-06-17 22:58:35 - POST /SIGRAT/backend/api/index.php/hardware/recent-scans
Cuerpo: {}
2026-06-17 22:58:37 - POST /SIGRAT/backend/api/index.php/hardware/recent-scans
Cuerpo: {}
2026-06-17 22:58:39 - POST /SIGRAT/backend/api/index.php/hardware/recent-scans
Cuerpo: {}
2026-06-17 22:58:41 - POST /SIGRAT/backend/api/index.php/hardware/recent-scans
Cuerpo: {}
2026-06-17 22:58:43 - POST /SIGRAT/backend/api/index.php/hardware/recent-scans
Cuerpo: {}
2026-06-17 22:58:45 - POST /SIGRAT/backend/api/index.php/hardware/recent-scans
Cuerpo: {}
2026-06-17 22:58:47 - POST /SIGRAT/backend/api/index.php/hardware/recent-scans
Cuerpo: {}
2026-06-17 22:58:49 - POST /SIGRAT/backend/api/index.php/hardware/recent-scans
Cuerpo: {}
2026-06-17 22:58:59 - POST /SIGRAT/backend/api/index.php/notifications/check_expiring
Cuerpo: 
2026-06-17 22:59:00 - GET /SIGRAT/backend/api/index.php/notifications/all
Cuerpo: 
2026-06-17 22:59:08 - POST /SIGRAT/backend/api/index.php/notifications/check_expiring
Cuerpo: 
2026-06-17 22:59:09 - GET /SIGRAT/backend/api/index.php/calendar/events
Cuerpo: 
2026-06-17 22:59:10 - GET /SIGRAT/backend/api/index.php/notifications/all
Cuerpo: 
2026-06-17 23:00:08 - POST /SIGRAT/backend/api/index.php/notifications/check_expiring
Cuerpo: 
2026-06-17 23:00:09 - GET /SIGRAT/backend/api/index.php/notifications/all
Cuerpo: 
2026-06-17 23:01:08 - POST /SIGRAT/backend/api/index.php/notifications/check_expiring
Cuerpo: 
2026-06-17 23:01:09 - GET /SIGRAT/backend/api/index.php/notifications/all
Cuerpo: 
2026-06-17 23:02:08 - POST /SIGRAT/backend/api/index.php/notifications/check_expiring
Cuerpo: 
2026-06-17 23:02:09 - GET /SIGRAT/backend/api/index.php/notifications/all
Cuerpo: 
2026-06-17 23:03:08 - POST /SIGRAT/backend/api/index.php/notifications/check_expiring
Cuerpo: 
2026-06-17 23:03:09 - GET /SIGRAT/backend/api/index.php/notifications/all
Cuerpo: 
2026-06-17 23:04:09 - POST /SIGRAT/backend/api/index.php/notifications/check_expiring
Cuerpo: 
2026-06-17 23:04:10 - GET /SIGRAT/backend/api/index.php/notifications/all
Cuerpo: 
2026-06-17 23:05:09 - POST /SIGRAT/backend/api/index.php/notifications/check_expiring
Cuerpo: 
2026-06-17 23:05:10 - GET /SIGRAT/backend/api/index.php/notifications/all
Cuerpo: 
2026-06-17 23:06:09 - POST /SIGRAT/backend/api/index.php/notifications/check_expiring
Cuerpo: 
2026-06-17 23:06:10 - GET /SIGRAT/backend/api/index.php/notifications/all
Cuerpo: 
2026-06-17 23:07:10 - POST /SIGRAT/backend/api/index.php/notifications/check_expiring
Cuerpo: 
2026-06-17 23:07:11 - GET /SIGRAT/backend/api/index.php/notifications/all
Cuerpo: 
2026-06-17 23:08:11 - POST /SIGRAT/backend/api/index.php/notifications/check_expiring
Cuerpo: 
2026-06-17 23:08:12 - GET /SIGRAT/backend/api/index.php/notifications/all
Cuerpo: 
2026-06-17 23:09:12 - POST /SIGRAT/backend/api/index.php/notifications/check_expiring
Cuerpo: 
2026-06-17 23:09:13 - GET /SIGRAT/backend/api/index.php/notifications/all
Cuerpo: 
2026-06-17 23:10:13 - POST /SIGRAT/backend/api/index.php/notifications/check_expiring
Cuerpo: 
2026-06-17 23:10:14 - GET /SIGRAT/backend/api/index.php/notifications/all
Cuerpo: 
2026-06-17 23:11:14 - POST /SIGRAT/backend/api/index.php/notifications/check_expiring
Cuerpo: 
2026-06-17 23:11:15 - GET /SIGRAT/backend/api/index.php/notifications/all
Cuerpo: 
2026-06-17 23:12:15 - POST /SIGRAT/backend/api/index.php/notifications/check_expiring
Cuerpo: 
2026-06-17 23:12:16 - GET /SIGRAT/backend/api/index.php/notifications/all
Cuerpo: 
2026-06-17 23:13:16 - POST /SIGRAT/backend/api/index.php/notifications/check_expiring
Cuerpo: 
2026-06-17 23:13:17 - GET /SIGRAT/backend/api/index.php/notifications/all
Cuerpo: 
2026-06-17 23:14:17 - POST /SIGRAT/backend/api/index.php/notifications/check_expiring
Cuerpo: 
2026-06-17 23:14:18 - GET /SIGRAT/backend/api/index.php/notifications/all
Cuerpo: 
2026-06-17 23:14:19 - POST /SIGRAT/backend/api/index.php/notifications/check_expiring
Cuerpo: 
2026-06-17 23:14:20 - GET /SIGRAT/backend/api/index.php/notifications/all
Cuerpo: 
2026-06-17 23:14:42 - POST /SIGRAT/backend/api/index.php/notifications/check_expiring
Cuerpo: 
2026-06-17 23:14:43 - GET /SIGRAT/backend/api/index.php/notifications/all
Cuerpo: 
2026-06-17 23:15:41 - POST /SIGRAT/backend/api/index.php/notifications/check_expiring
Cuerpo: 
2026-06-17 23:15:41 - GET /SIGRAT/backend/api/index.php/notifications/all
Cuerpo: 
2026-06-17 23:15:43 - POST /SIGRAT/backend/api/index.php/notifications/check_expiring
Cuerpo: 
2026-06-17 23:15:44 - GET /SIGRAT/backend/api/index.php/notifications/all
Cuerpo: 
2026-06-17 23:15:47 - POST /SIGRAT/backend/api/index.php/notifications/check_expiring
Cuerpo: 
2026-06-17 23:15:48 - GET /SIGRAT/backend/api/index.php/notifications/all
Cuerpo: 
2026-06-17 23:15:51 - POST /SIGRAT/backend/api/index.php/notifications/check_expiring
Cuerpo: 
2026-06-17 23:15:52 - GET /SIGRAT/backend/api/index.php/notifications/all
Cuerpo: 
2026-06-17 23:15:53 - POST /SIGRAT/backend/api/index.php/notifications/check_expiring
Cuerpo: 
2026-06-17 23:15:53 - GET /SIGRAT/backend/api/index.php/notifications/all
Cuerpo: 
2026-06-17 23:15:55 - POST /SIGRAT/backend/api/index.php/notifications/check_expiring
Cuerpo: 
2026-06-17 23:15:56 - GET /SIGRAT/backend/api/index.php/notifications/all
Cuerpo: 
2026-06-17 23:16:02 - POST /SIGRAT/backend/api/index.php/notifications/check_expiring
Cuerpo: 
2026-06-17 23:16:03 - GET /SIGRAT/backend/api/index.php/notifications/all
Cuerpo: 
2026-06-17 23:16:05 - POST /SIGRAT/backend/api/index.php/notifications/check_expiring
Cuerpo: 
2026-06-17 23:16:07 - GET /SIGRAT/backend/api/index.php/calendar/events
Cuerpo: 
2026-06-17 23:16:07 - GET /SIGRAT/backend/api/index.php/notifications/all
Cuerpo: 
2026-06-17 23:16:16 - POST /SIGRAT/backend/api/index.php/notifications/check_expiring
Cuerpo: 
2026-06-17 23:16:17 - GET /SIGRAT/backend/api/index.php/calendar/events
Cuerpo: 
2026-06-17 23:16:17 - GET /SIGRAT/backend/api/index.php/notifications/all
Cuerpo: 
2026-06-17 23:17:16 - POST /SIGRAT/backend/api/index.php/notifications/check_expiring
Cuerpo: 
2026-06-17 23:17:17 - GET /SIGRAT/backend/api/index.php/notifications/all
Cuerpo: 
2026-06-17 23:18:16 - POST /SIGRAT/backend/api/index.php/notifications/check_expiring
Cuerpo: 
2026-06-17 23:18:17 - GET /SIGRAT/backend/api/index.php/notifications/all
Cuerpo: 
2026-06-17 23:19:16 - POST /SIGRAT/backend/api/index.php/notifications/check_expiring
Cuerpo: 
2026-06-17 23:19:17 - GET /SIGRAT/backend/api/index.php/notifications/all
Cuerpo: 
2026-06-17 23:20:16 - POST /SIGRAT/backend/api/index.php/notifications/check_expiring
Cuerpo: 
2026-06-17 23:20:17 - GET /SIGRAT/backend/api/index.php/notifications/all
Cuerpo: 
2026-06-17 23:20:18 - POST /SIGRAT/backend/api/index.php/notifications/read
Cuerpo: {"not_id":5}
2026-06-17 23:20:20 - POST /SIGRAT/backend/api/index.php/notifications/check_expiring
Cuerpo: 
2026-06-17 23:20:21 - GET /SIGRAT/backend/api/index.php/notifications/all
Cuerpo: 
2026-06-17 23:21:20 - POST /SIGRAT/backend/api/index.php/notifications/check_expiring
Cuerpo: 
2026-06-17 23:21:21 - GET /SIGRAT/backend/api/index.php/notifications/all
Cuerpo: 
2026-06-17 23:22:20 - POST /SIGRAT/backend/api/index.php/notifications/check_expiring
Cuerpo: 
2026-06-17 23:22:21 - GET /SIGRAT/backend/api/index.php/notifications/all
Cuerpo: 
2026-06-17 23:23:20 - POST /SIGRAT/backend/api/index.php/notifications/check_expiring
Cuerpo: 
2026-06-17 23:23:21 - GET /SIGRAT/backend/api/index.php/notifications/all
Cuerpo: 
2026-06-17 23:24:20 - POST /SIGRAT/backend/api/index.php/notifications/check_expiring
Cuerpo: 
2026-06-17 23:24:21 - GET /SIGRAT/backend/api/index.php/notifications/all
Cuerpo: 
2026-06-17 23:25:20 - POST /SIGRAT/backend/api/index.php/notifications/check_expiring
Cuerpo: 
2026-06-17 23:25:21 - GET /SIGRAT/backend/api/index.php/notifications/all
Cuerpo: 
2026-06-17 23:26:20 - POST /SIGRAT/backend/api/index.php/notifications/check_expiring
Cuerpo: 
2026-06-17 23:26:21 - GET /SIGRAT/backend/api/index.php/notifications/all
Cuerpo: 
2026-06-17 23:27:20 - POST /SIGRAT/backend/api/index.php/notifications/check_expiring
Cuerpo: 
2026-06-17 23:27:21 - GET /SIGRAT/backend/api/index.php/notifications/all
Cuerpo: 
2026-06-17 23:28:21 - POST /SIGRAT/backend/api/index.php/notifications/check_expiring
Cuerpo: 
2026-06-17 23:28:22 - GET /SIGRAT/backend/api/index.php/notifications/all
Cuerpo: 
2026-06-17 23:29:22 - POST /SIGRAT/backend/api/index.php/notifications/check_expiring
Cuerpo: 
2026-06-17 23:29:23 - GET /SIGRAT/backend/api/index.php/notifications/all
Cuerpo: 
2026-06-17 23:30:23 - POST /SIGRAT/backend/api/index.php/notifications/check_expiring
Cuerpo: 
2026-06-17 23:30:24 - GET /SIGRAT/backend/api/index.php/notifications/all
Cuerpo: 
2026-06-17 23:31:20 - POST /SIGRAT/backend/api/index.php/notifications/check_expiring
Cuerpo: 
2026-06-17 23:31:21 - GET /SIGRAT/backend/api/index.php/notifications/all
Cuerpo: 
2026-06-17 23:32:21 - POST /SIGRAT/backend/api/index.php/notifications/check_expiring
Cuerpo: 
2026-06-17 23:32:22 - GET /SIGRAT/backend/api/index.php/notifications/all
Cuerpo: 
2026-06-17 23:33:22 - POST /SIGRAT/backend/api/index.php/notifications/check_expiring
Cuerpo: 
2026-06-17 23:33:23 - GET /SIGRAT/backend/api/index.php/notifications/all
Cuerpo: 
2026-06-17 23:34:23 - POST /SIGRAT/backend/api/index.php/notifications/check_expiring
Cuerpo: 
2026-06-17 23:34:24 - GET /SIGRAT/backend/api/index.php/notifications/all
Cuerpo: 
2026-06-17 23:35:24 - POST /SIGRAT/backend/api/index.php/notifications/check_expiring
Cuerpo: 
2026-06-17 23:35:25 - GET /SIGRAT/backend/api/index.php/notifications/all
Cuerpo: 
2026-06-17 23:36:25 - POST /SIGRAT/backend/api/index.php/notifications/check_expiring
Cuerpo: 
2026-06-17 23:36:26 - GET /SIGRAT/backend/api/index.php/notifications/all
Cuerpo: 
2026-06-17 23:37:26 - POST /SIGRAT/backend/api/index.php/notifications/check_expiring
Cuerpo: 
2026-06-17 23:37:27 - GET /SIGRAT/backend/api/index.php/notifications/all
Cuerpo: 
2026-06-17 23:38:27 - POST /SIGRAT/backend/api/index.php/notifications/check_expiring
Cuerpo: 
2026-06-17 23:38:28 - GET /SIGRAT/backend/api/index.php/notifications/all
Cuerpo: 
2026-06-17 23:39:28 - POST /SIGRAT/backend/api/index.php/notifications/check_expiring
Cuerpo: 
2026-06-17 23:39:29 - GET /SIGRAT/backend/api/index.php/notifications/all
Cuerpo: 
2026-06-17 23:40:29 - POST /SIGRAT/backend/api/index.php/notifications/check_expiring
Cuerpo: 
2026-06-17 23:40:30 - GET /SIGRAT/backend/api/index.php/notifications/all
Cuerpo: 
2026-06-17 23:41:30 - POST /SIGRAT/backend/api/index.php/notifications/check_expiring
Cuerpo: 
2026-06-17 23:41:31 - GET /SIGRAT/backend/api/index.php/notifications/all
Cuerpo: 
2026-06-17 23:42:31 - POST /SIGRAT/backend/api/index.php/notifications/check_expiring
Cuerpo: 
2026-06-17 23:42:32 - GET /SIGRAT/backend/api/index.php/notifications/all
Cuerpo: 
2026-06-18 17:16:42 - POST /SIGRAT/backend/api/index.php/notifications/check_expiring
Cuerpo: 
2026-06-18 17:16:43 - GET /SIGRAT/backend/api/index.php/notifications/all
Cuerpo: 
2026-06-18 17:17:06 - POST /SIGRAT/backend/api/index.php/notifications/check_expiring
Cuerpo: 
2026-06-18 17:17:07 - GET /SIGRAT/backend/api/index.php/calendar/events
Cuerpo: 
2026-06-18 17:17:07 - GET /SIGRAT/backend/api/index.php/notifications/all
Cuerpo: 
2026-06-18 17:17:16 - POST /SIGRAT/backend/api/index.php/notifications/check_expiring
Cuerpo: 
2026-06-18 17:17:16 - GET /SIGRAT/backend/api/index.php/notifications/all
Cuerpo: 
2026-06-18 17:17:19 - POST /SIGRAT/backend/api/index.php/notifications/check_expiring
Cuerpo: 
2026-06-18 17:17:20 - GET /SIGRAT/backend/api/index.php/calendar/events
Cuerpo: 
2026-06-18 17:17:20 - GET /SIGRAT/backend/api/index.php/notifications/all
Cuerpo: 
2026-06-18 17:17:26 - POST /SIGRAT/backend/api/index.php/notifications/check_expiring
Cuerpo: 
2026-06-18 17:17:27 - GET /SIGRAT/backend/api/index.php/notifications/all
Cuerpo: 
2026-06-18 17:17:34 - POST /SIGRAT/backend/api/index.php/notifications/check_expiring
Cuerpo: 
2026-06-18 17:17:35 - GET /SIGRAT/backend/api/index.php/notifications/all
Cuerpo: 
2026-06-18 17:18:34 - POST /SIGRAT/backend/api/index.php/notifications/check_expiring
Cuerpo: 
2026-06-18 17:18:35 - GET /SIGRAT/backend/api/index.php/notifications/all
Cuerpo: 
2026-06-18 17:19:34 - POST /SIGRAT/backend/api/index.php/notifications/check_expiring
Cuerpo: 
2026-06-18 17:19:35 - GET /SIGRAT/backend/api/index.php/notifications/all
Cuerpo: 
2026-06-18 17:20:04 - POST /SIGRAT/backend/api/index.php/notifications/check_expiring
Cuerpo: 
2026-06-18 17:20:05 - GET /SIGRAT/backend/api/index.php/notifications/all
Cuerpo: 
2026-06-18 17:20:10 - POST /SIGRAT/backend/api/index.php/notifications/check_expiring
Cuerpo: 
2026-06-18 17:20:10 - GET /SIGRAT/backend/api/index.php/notifications/all
Cuerpo: 
2026-06-18 17:20:43 - POST /SIGRAT/backend/api/index.php/notifications/check_expiring
Cuerpo: 
2026-06-18 17:20:43 - GET /SIGRAT/backend/api/index.php/notifications/all
Cuerpo: 
2026-06-18 17:20:50 - POST /SIGRAT/backend/api/index.php/notifications/check_expiring
Cuerpo: 
2026-06-18 17:20:50 - GET /SIGRAT/backend/api/index.php/notifications/all
Cuerpo: 
2026-06-18 17:20:57 - POST /SIGRAT/backend/api/index.php/auth/forgot-password
Cuerpo: {"correo":"2024310026@uteq.edu.mx"}
